2023-05-15 18:22:13,061 ERROR [main][LoggingFailureAnalysisReporter.java:40] - 

***************************
APPLICATION FAILED TO START
***************************

Description:

Parameter 0 of constructor in com.hzb.system.user.executor.command.query.UserListQryExe required a bean of type 'com.hzb.system.domain.user.gateway.UserGateway' that could not be found.


Action:

Consider defining a bean of type 'com.hzb.system.domain.user.gateway.UserGateway' in your configuration.

2023-05-15 18:28:34,391 ERROR [main][LoggingFailureAnalysisReporter.java:40] - 

***************************
APPLICATION FAILED TO START
***************************

Description:

Parameter 0 of constructor in com.hzb.system.user.executor.command.query.UserListQryExe required a bean of type 'com.hzb.system.domain.user.gateway.UserGateway' that could not be found.


Action:

Consider defining a bean of type 'com.hzb.system.domain.user.gateway.UserGateway' in your configuration.

2023-05-15 18:30:48,919 ERROR [main][LoggingFailureAnalysisReporter.java:40] - 

***************************
APPLICATION FAILED TO START
***************************

Description:

Parameter 0 of constructor in com.hzb.system.user.executor.command.query.UserListQryExe required a bean of type 'com.hzb.system.domain.user.gateway.UserGateway' that could not be found.


Action:

Consider defining a bean of type 'com.hzb.system.domain.user.gateway.UserGateway' in your configuration.

