2023-05-15 18:22:03,495 INFO [main][SpringApplication.java:637] - The following 1 profile is active: "dev"
2023-05-15 18:22:03,495 INFO [main][SpringApplication.java:637] - The following 1 profile is active: "dev"
2023-05-15 18:22:05,703 INFO [main][RepositoryConfigurationDelegate.java:262] - Multiple Spring Data modules found, entering strict repository configuration mode
2023-05-15 18:22:05,703 INFO [main][RepositoryConfigurationDelegate.java:262] - Multiple Spring Data modules found, entering strict repository configuration mode
2023-05-15 18:22:05,708 INFO [main][RepositoryConfigurationDelegate.java:132] - Bootstrapping Spring Data Redis repositories in DEFAULT mode.
2023-05-15 18:22:05,708 INFO [main][RepositoryConfigurationDelegate.java:132] - Bootstrapping Spring Data Redis repositories in DEFAULT mode.
2023-05-15 18:22:05,752 INFO [main][RepositoryConfigurationDelegate.java:201] - Finished Spring Data repository scanning in 20 ms. Found 0 Redis repository interfaces.
2023-05-15 18:22:05,752 INFO [main][RepositoryConfigurationDelegate.java:201] - Finished Spring Data repository scanning in 20 ms. Found 0 Redis repository interfaces.
2023-05-15 18:22:06,014 DEBUG [main][LogFactory.java:109] - Logging initialized using 'class org.apache.ibatis.logging.slf4j.Slf4jImpl' adapter.
2023-05-15 18:22:06,014 DEBUG [main][LogFactory.java:109] - Logging initialized using 'class org.apache.ibatis.logging.slf4j.Slf4jImpl' adapter.
2023-05-15 18:22:06,630 INFO [main][GenericScope.java:283] - BeanFactory id=39c1e09e-f872-3fce-b3c5-59f806c3df31
2023-05-15 18:22:06,630 INFO [main][GenericScope.java:283] - BeanFactory id=39c1e09e-f872-3fce-b3c5-59f806c3df31
2023-05-15 18:22:09,072 INFO [main][TomcatWebServer.java:108] - Tomcat initialized with port(s): 63110 (http)
2023-05-15 18:22:09,072 INFO [main][TomcatWebServer.java:108] - Tomcat initialized with port(s): 63110 (http)
2023-05-15 18:22:09,091 INFO [main][DirectJDKLog.java:173] - Initializing ProtocolHandler ["http-nio-63110"]
2023-05-15 18:22:09,091 INFO [main][DirectJDKLog.java:173] - Initializing ProtocolHandler ["http-nio-63110"]
2023-05-15 18:22:09,092 INFO [main][DirectJDKLog.java:173] - Starting service [Tomcat]
2023-05-15 18:22:09,092 INFO [main][DirectJDKLog.java:173] - Starting service [Tomcat]
2023-05-15 18:22:09,093 INFO [main][DirectJDKLog.java:173] - Starting Servlet engine: [Apache Tomcat/9.0.69]
2023-05-15 18:22:09,093 INFO [main][DirectJDKLog.java:173] - Starting Servlet engine: [Apache Tomcat/9.0.69]
2023-05-15 18:22:09,237 INFO [main][DirectJDKLog.java:173] - Initializing Spring embedded WebApplicationContext
2023-05-15 18:22:09,237 INFO [main][DirectJDKLog.java:173] - Initializing Spring embedded WebApplicationContext
2023-05-15 18:22:09,238 INFO [main][ServletWebServerApplicationContext.java:292] - Root WebApplicationContext: initialization completed in 5636 ms
2023-05-15 18:22:09,238 INFO [main][ServletWebServerApplicationContext.java:292] - Root WebApplicationContext: initialization completed in 5636 ms
2023-05-15 18:22:09,484 DEBUG [main][InternalLoggerFactory.java:59] - Using SLF4J as the default logging framework
2023-05-15 18:22:09,484 DEBUG [main][InternalLoggerFactory.java:59] - Using SLF4J as the default logging framework
2023-05-15 18:22:09,562 INFO [main][DruidDataSourceAutoConfigure.java:55] - Init DruidDataSource
2023-05-15 18:22:09,562 INFO [main][DruidDataSourceAutoConfigure.java:55] - Init DruidDataSource
2023-05-15 18:22:10,467 DEBUG [main][Log4j2Filter.java:131] - {conn-10001,procId-15787} connected
2023-05-15 18:22:10,467 DEBUG [main][Log4j2Filter.java:131] - {conn-10001,procId-15787} connected
2023-05-15 18:22:10,479 DEBUG [main][Log4j2Filter.java:136] - {conn-10001, stmt-20000} created
2023-05-15 18:22:10,479 DEBUG [main][Log4j2Filter.java:136] - {conn-10001, stmt-20000} created
2023-05-15 18:22:10,647 DEBUG [grpc-nio-worker-ELG-1-2][AbstractInternalLogger.java:216] - [id: 0x776c5073, L:/198.18.0.1:53680 - R:/119.3.171.130:9848] OUTBOUND HEADERS: streamId=17 headers=GrpcHttp2OutboundHeaders[:authority: 119.3.171.130:9848, :path: /Request/request, :method: POST, :scheme: http, content-type: application/grpc, te: trailers, user-agent: grpc-java-netty/1.24.0, grpc-accept-encoding: gzip] streamDependency=0 weight=16 exclusive=false padding=0 endStream=false
2023-05-15 18:22:10,647 DEBUG [grpc-nio-worker-ELG-1-2][AbstractInternalLogger.java:216] - [id: 0x776c5073, L:/198.18.0.1:53680 - R:/119.3.171.130:9848] OUTBOUND HEADERS: streamId=17 headers=GrpcHttp2OutboundHeaders[:authority: 119.3.171.130:9848, :path: /Request/request, :method: POST, :scheme: http, content-type: application/grpc, te: trailers, user-agent: grpc-java-netty/1.24.0, grpc-accept-encoding: gzip] streamDependency=0 weight=16 exclusive=false padding=0 endStream=false
2023-05-15 18:22:10,648 DEBUG [grpc-nio-worker-ELG-1-2][AbstractInternalLogger.java:216] - [id: 0x776c5073, L:/198.18.0.1:53680 - R:/119.3.171.130:9848] OUTBOUND DATA: streamId=17 padding=0 endStream=true length=77 bytes=000000004812201a124865616c7468436865636b52657175657374420a3139382e31382e302e311a2412227b2268656164657273223a7b7d2c226d6f64756c65...
2023-05-15 18:22:10,648 DEBUG [grpc-nio-worker-ELG-1-2][AbstractInternalLogger.java:216] - [id: 0x776c5073, L:/198.18.0.1:53680 - R:/119.3.171.130:9848] OUTBOUND DATA: streamId=17 padding=0 endStream=true length=77 bytes=000000004812201a124865616c7468436865636b52657175657374420a3139382e31382e302e311a2412227b2268656164657273223a7b7d2c226d6f64756c65...
2023-05-15 18:22:10,691 DEBUG [grpc-nio-worker-ELG-1-2][AbstractInternalLogger.java:216] - [id: 0x776c5073, L:/198.18.0.1:53680 - R:/119.3.171.130:9848] INBOUND HEADERS: streamId=17 headers=GrpcHttp2ResponseHeaders[:status: 200, content-type: application/grpc, grpc-encoding: identity, grpc-accept-encoding: gzip] streamDependency=0 weight=16 exclusive=false padding=0 endStream=false
2023-05-15 18:22:10,691 DEBUG [grpc-nio-worker-ELG-1-2][AbstractInternalLogger.java:216] - [id: 0x776c5073, L:/198.18.0.1:53680 - R:/119.3.171.130:9848] INBOUND HEADERS: streamId=17 headers=GrpcHttp2ResponseHeaders[:status: 200, content-type: application/grpc, grpc-encoding: identity, grpc-accept-encoding: gzip] streamDependency=0 weight=16 exclusive=false padding=0 endStream=false
2023-05-15 18:22:10,692 DEBUG [grpc-nio-worker-ELG-1-2][AbstractInternalLogger.java:216] - [id: 0x776c5073, L:/198.18.0.1:53680 - R:/119.3.171.130:9848] INBOUND DATA: streamId=17 padding=0 endStream=false length=79 bytes=000000004a12151a134865616c7468436865636b526573706f6e73651a31122f7b22726573756c74436f6465223a3230302c226572726f72436f6465223a302c...
2023-05-15 18:22:10,692 DEBUG [grpc-nio-worker-ELG-1-2][AbstractInternalLogger.java:216] - [id: 0x776c5073, L:/198.18.0.1:53680 - R:/119.3.171.130:9848] INBOUND HEADERS: streamId=17 headers=GrpcHttp2ResponseHeaders[grpc-status: 0] streamDependency=0 weight=16 exclusive=false padding=0 endStream=true
2023-05-15 18:22:10,692 DEBUG [grpc-nio-worker-ELG-1-2][AbstractInternalLogger.java:216] - [id: 0x776c5073, L:/198.18.0.1:53680 - R:/119.3.171.130:9848] INBOUND DATA: streamId=17 padding=0 endStream=false length=79 bytes=000000004a12151a134865616c7468436865636b526573706f6e73651a31122f7b22726573756c74436f6465223a3230302c226572726f72436f6465223a302c...
2023-05-15 18:22:10,692 DEBUG [grpc-nio-worker-ELG-1-2][AbstractInternalLogger.java:216] - [id: 0x776c5073, L:/198.18.0.1:53680 - R:/119.3.171.130:9848] INBOUND HEADERS: streamId=17 headers=GrpcHttp2ResponseHeaders[grpc-status: 0] streamDependency=0 weight=16 exclusive=false padding=0 endStream=true
2023-05-15 18:22:10,812 DEBUG [main][Log4j2Filter.java:136] - {conn-10001, stmt-20000, rs-50000} query executed. 71.0572 millis. SELECT 1
2023-05-15 18:22:10,812 DEBUG [main][Log4j2Filter.java:136] - {conn-10001, stmt-20000, rs-50000} query executed. 71.0572 millis. SELECT 1
2023-05-15 18:22:10,812 DEBUG [main][Log4j2Filter.java:141] - {conn-10001, stmt-20000, rs-50000} open
2023-05-15 18:22:10,812 DEBUG [main][Log4j2Filter.java:141] - {conn-10001, stmt-20000, rs-50000} open
2023-05-15 18:22:10,815 DEBUG [main][Log4j2Filter.java:141] - {conn-10001, stmt-20000, rs-50000} Header: [1]
2023-05-15 18:22:10,815 DEBUG [main][Log4j2Filter.java:141] - {conn-10001, stmt-20000, rs-50000} Header: [1]
2023-05-15 18:22:10,816 DEBUG [main][Log4j2Filter.java:141] - {conn-10001, stmt-20000, rs-50000} closed
2023-05-15 18:22:10,816 DEBUG [main][Log4j2Filter.java:141] - {conn-10001, stmt-20000, rs-50000} closed
2023-05-15 18:22:10,816 DEBUG [main][Log4j2Filter.java:136] - {conn-10001, stmt-20000} closed
2023-05-15 18:22:10,816 DEBUG [main][Log4j2Filter.java:136] - {conn-10001, stmt-20000} closed
2023-05-15 18:22:11,303 DEBUG [main][Log4j2Filter.java:131] - {conn-10002,procId-15788} connected
2023-05-15 18:22:11,303 DEBUG [main][Log4j2Filter.java:131] - {conn-10002,procId-15788} connected
2023-05-15 18:22:11,304 DEBUG [main][Log4j2Filter.java:136] - {conn-10002, stmt-20001} created
2023-05-15 18:22:11,304 DEBUG [main][Log4j2Filter.java:136] - {conn-10002, stmt-20001} created
2023-05-15 18:22:11,350 DEBUG [main][Log4j2Filter.java:136] - {conn-10002, stmt-20001, rs-50001} query executed. 44.956999 millis. SELECT 1
2023-05-15 18:22:11,350 DEBUG [main][Log4j2Filter.java:141] - {conn-10002, stmt-20001, rs-50001} open
2023-05-15 18:22:11,350 DEBUG [main][Log4j2Filter.java:141] - {conn-10002, stmt-20001, rs-50001} Header: [1]
2023-05-15 18:22:11,350 DEBUG [main][Log4j2Filter.java:141] - {conn-10002, stmt-20001, rs-50001} closed
2023-05-15 18:22:11,351 DEBUG [main][Log4j2Filter.java:136] - {conn-10002, stmt-20001} closed
2023-05-15 18:22:11,350 DEBUG [main][Log4j2Filter.java:136] - {conn-10002, stmt-20001, rs-50001} query executed. 44.956999 millis. SELECT 1
2023-05-15 18:22:11,350 DEBUG [main][Log4j2Filter.java:141] - {conn-10002, stmt-20001, rs-50001} open
2023-05-15 18:22:11,350 DEBUG [main][Log4j2Filter.java:141] - {conn-10002, stmt-20001, rs-50001} Header: [1]
2023-05-15 18:22:11,350 DEBUG [main][Log4j2Filter.java:141] - {conn-10002, stmt-20001, rs-50001} closed
2023-05-15 18:22:11,351 DEBUG [main][Log4j2Filter.java:136] - {conn-10002, stmt-20001} closed
2023-05-15 18:22:11,496 INFO [main][DruidDataSource.java:985] - {dataSource-1} inited
2023-05-15 18:22:11,496 INFO [main][DruidDataSource.java:985] - {dataSource-1} inited
2023-05-15 18:22:11,719 DEBUG [main][InternalLoggerFactory.java:63] - Using SLF4J as the default logging framework
2023-05-15 18:22:11,719 DEBUG [main][InternalLoggerFactory.java:63] - Using SLF4J as the default logging framework
2023-05-15 18:22:11,731 DEBUG [main][AddressResolverGroupProvider.java:37] - Starting without optional netty's non-blocking DNS resolver library
2023-05-15 18:22:11,731 DEBUG [main][AddressResolverGroupProvider.java:37] - Starting without optional netty's non-blocking DNS resolver library
2023-05-15 18:22:11,736 DEBUG [main][DefaultClientResources.java:122] - -Dio.netty.eventLoopThreads: 4
2023-05-15 18:22:11,736 DEBUG [main][DefaultClientResources.java:122] - -Dio.netty.eventLoopThreads: 4
2023-05-15 18:22:11,773 DEBUG [main][DefaultEventLoopGroupProvider.java:231] - Creating executor io.netty.util.concurrent.DefaultEventExecutorGroup
2023-05-15 18:22:11,773 DEBUG [main][DefaultEventLoopGroupProvider.java:231] - Creating executor io.netty.util.concurrent.DefaultEventExecutorGroup
2023-05-15 18:22:11,833 DEBUG [main][InternalThreadLocalMap.java:100] - -Dio.netty.threadLocalMap.stringBuilder.initialSize: 1024
2023-05-15 18:22:11,833 DEBUG [main][InternalThreadLocalMap.java:100] - -Dio.netty.threadLocalMap.stringBuilder.initialSize: 1024
2023-05-15 18:22:11,835 DEBUG [main][InternalThreadLocalMap.java:101] - -Dio.netty.threadLocalMap.stringBuilder.maxSize: 4096
2023-05-15 18:22:11,835 DEBUG [main][InternalThreadLocalMap.java:101] - -Dio.netty.threadLocalMap.stringBuilder.maxSize: 4096
2023-05-15 18:22:11,848 DEBUG [main][ResourceLeakDetector.java:129] - -Dio.netty.leakDetection.level: simple
2023-05-15 18:22:11,848 DEBUG [main][ResourceLeakDetector.java:129] - -Dio.netty.leakDetection.level: simple
2023-05-15 18:22:11,849 DEBUG [main][ResourceLeakDetector.java:130] - -Dio.netty.leakDetection.targetRecords: 4
2023-05-15 18:22:11,849 DEBUG [main][ResourceLeakDetector.java:130] - -Dio.netty.leakDetection.targetRecords: 4
2023-05-15 18:22:11,854 DEBUG [main][ResourceLeakDetectorFactory.java:196] - Loaded default ResourceLeakDetector: io.netty.util.ResourceLeakDetector@7f08c343
2023-05-15 18:22:11,854 DEBUG [main][ResourceLeakDetectorFactory.java:196] - Loaded default ResourceLeakDetector: io.netty.util.ResourceLeakDetector@7f08c343
2023-05-15 18:22:11,898 DEBUG [main][PlatformDependent0.java:496] - -Dio.netty.noUnsafe: false
2023-05-15 18:22:11,898 DEBUG [main][PlatformDependent0.java:496] - -Dio.netty.noUnsafe: false
2023-05-15 18:22:11,899 DEBUG [main][PlatformDependent0.java:1000] - Java version: 17
2023-05-15 18:22:11,899 DEBUG [main][PlatformDependent0.java:1000] - Java version: 17
2023-05-15 18:22:11,902 DEBUG [main][PlatformDependent0.java:137] - sun.misc.Unsafe.theUnsafe: available
2023-05-15 18:22:11,902 DEBUG [main][PlatformDependent0.java:137] - sun.misc.Unsafe.theUnsafe: available
2023-05-15 18:22:11,904 DEBUG [main][PlatformDependent0.java:161] - sun.misc.Unsafe.copyMemory: available
2023-05-15 18:22:11,904 DEBUG [main][PlatformDependent0.java:161] - sun.misc.Unsafe.copyMemory: available
2023-05-15 18:22:11,905 DEBUG [main][PlatformDependent0.java:193] - sun.misc.Unsafe.storeFence: available
2023-05-15 18:22:11,905 DEBUG [main][PlatformDependent0.java:193] - sun.misc.Unsafe.storeFence: available
2023-05-15 18:22:11,906 DEBUG [main][PlatformDependent0.java:236] - java.nio.Buffer.address: available
2023-05-15 18:22:11,906 DEBUG [main][PlatformDependent0.java:236] - java.nio.Buffer.address: available
2023-05-15 18:22:11,908 DEBUG [main][PlatformDependent0.java:320] - direct buffer constructor: unavailable: Reflective setAccessible(true) disabled
2023-05-15 18:22:11,908 DEBUG [main][PlatformDependent0.java:320] - direct buffer constructor: unavailable: Reflective setAccessible(true) disabled
2023-05-15 18:22:11,909 DEBUG [main][PlatformDependent0.java:385] - java.nio.Bits.unaligned: available, true
2023-05-15 18:22:11,909 DEBUG [main][PlatformDependent0.java:385] - java.nio.Bits.unaligned: available, true
2023-05-15 18:22:11,914 DEBUG [main][PlatformDependent0.java:452] - jdk.internal.misc.Unsafe.allocateUninitializedArray(int): unavailable: class io.netty.util.internal.PlatformDependent0$7 cannot access class jdk.internal.misc.Unsafe (in module java.base) because module java.base does not export jdk.internal.misc to unnamed module @c333c60
2023-05-15 18:22:11,914 DEBUG [main][PlatformDependent0.java:452] - jdk.internal.misc.Unsafe.allocateUninitializedArray(int): unavailable: class io.netty.util.internal.PlatformDependent0$7 cannot access class jdk.internal.misc.Unsafe (in module java.base) because module java.base does not export jdk.internal.misc to unnamed module @c333c60
2023-05-15 18:22:11,918 DEBUG [main][PlatformDependent0.java:482] - java.nio.DirectByteBuffer.<init>(long, int): unavailable
2023-05-15 18:22:11,918 DEBUG [main][PlatformDependent0.java:482] - java.nio.DirectByteBuffer.<init>(long, int): unavailable
2023-05-15 18:22:11,918 DEBUG [main][PlatformDependent.java:1159] - sun.misc.Unsafe: available
2023-05-15 18:22:11,918 DEBUG [main][PlatformDependent.java:1159] - sun.misc.Unsafe: available
2023-05-15 18:22:11,919 DEBUG [main][PlatformDependent.java:1270] - maxDirectMemory: 4263510016 bytes (maybe)
2023-05-15 18:22:11,919 DEBUG [main][PlatformDependent.java:1270] - maxDirectMemory: 4263510016 bytes (maybe)
2023-05-15 18:22:11,919 DEBUG [main][PlatformDependent.java:1289] - -Dio.netty.tmpdir: C:\Users\ADMINI~1\AppData\Local\Temp (java.io.tmpdir)
2023-05-15 18:22:11,919 DEBUG [main][PlatformDependent.java:1289] - -Dio.netty.tmpdir: C:\Users\ADMINI~1\AppData\Local\Temp (java.io.tmpdir)
2023-05-15 18:22:11,920 DEBUG [main][PlatformDependent.java:1368] - -Dio.netty.bitMode: 64 (sun.arch.data.model)
2023-05-15 18:22:11,920 DEBUG [main][PlatformDependent.java:1368] - -Dio.netty.bitMode: 64 (sun.arch.data.model)
2023-05-15 18:22:11,920 DEBUG [main][PlatformDependent.java:1119] - Platform: Windows
2023-05-15 18:22:11,920 DEBUG [main][PlatformDependent.java:1119] - Platform: Windows
2023-05-15 18:22:11,922 DEBUG [main][PlatformDependent.java:178] - -Dio.netty.maxDirectMemory: -1 bytes
2023-05-15 18:22:11,922 DEBUG [main][PlatformDependent.java:178] - -Dio.netty.maxDirectMemory: -1 bytes
2023-05-15 18:22:11,922 DEBUG [main][PlatformDependent.java:185] - -Dio.netty.uninitializedArrayAllocationThreshold: -1
2023-05-15 18:22:11,922 DEBUG [main][PlatformDependent.java:185] - -Dio.netty.uninitializedArrayAllocationThreshold: -1
2023-05-15 18:22:11,925 DEBUG [main][CleanerJava9.java:71] - java.nio.ByteBuffer.cleaner(): available
2023-05-15 18:22:11,925 DEBUG [main][CleanerJava9.java:71] - java.nio.ByteBuffer.cleaner(): available
2023-05-15 18:22:11,925 DEBUG [main][PlatformDependent.java:205] - -Dio.netty.noPreferDirect: false
2023-05-15 18:22:11,925 DEBUG [main][PlatformDependent.java:205] - -Dio.netty.noPreferDirect: false
2023-05-15 18:22:11,941 DEBUG [main][PlatformDependent.java:1010] - org.jctools-core.MpscChunkedArrayQueue: available
2023-05-15 18:22:11,941 DEBUG [main][PlatformDependent.java:1010] - org.jctools-core.MpscChunkedArrayQueue: available
2023-05-15 18:22:11,960 DEBUG [main][Loggers.java:254] - Using Slf4j logging framework
2023-05-15 18:22:11,960 DEBUG [main][Loggers.java:254] - Using Slf4j logging framework
2023-05-15 18:22:11,970 DEBUG [main][EventRecorderHolder.java:47] - Starting with JFR support
2023-05-15 18:22:11,970 DEBUG [main][EventRecorderHolder.java:47] - Starting with JFR support
2023-05-15 18:22:12,869 DEBUG [main][GenericFilterBean.java:242] - Filter 'jwtAuthenticationTokenFilter' configured for use
2023-05-15 18:22:12,869 DEBUG [main][GenericFilterBean.java:242] - Filter 'jwtAuthenticationTokenFilter' configured for use
2023-05-15 18:22:12,920 WARN [main][AbstractApplicationContext.java:591] - Exception encountered during context initialization - cancelling refresh attempt: org.springframework.beans.factory.UnsatisfiedDependencyException: Error creating bean with name 'userController' defined in file [D:\osp\mushanimg\mushanimg-modules\mushanimg-module-system\mushanimg-system-adapter\target\classes\com\hzb\system\web\user\UserController.class]: Unsatisfied dependency expressed through constructor parameter 0; nested exception is org.springframework.beans.factory.UnsatisfiedDependencyException: Error creating bean with name 'userServiceImpl' defined in file [D:\osp\mushanimg\mushanimg-modules\mushanimg-module-system\mushanimg-system-app\target\classes\com\hzb\system\user\executor\service\UserServiceImpl.class]: Unsatisfied dependency expressed through constructor parameter 0; nested exception is org.springframework.beans.factory.UnsatisfiedDependencyException: Error creating bean with name 'userListQryExe' defined in file [D:\osp\mushanimg\mushanimg-modules\mushanimg-module-system\mushanimg-system-app\target\classes\com\hzb\system\user\executor\command\query\UserListQryExe.class]: Unsatisfied dependency expressed through constructor parameter 0; nested exception is org.springframework.beans.factory.NoSuchBeanDefinitionException: No qualifying bean of type 'com.hzb.system.domain.user.gateway.UserGateway' available: expected at least 1 bean which qualifies as autowire candidate. Dependency annotations: {}
2023-05-15 18:22:12,920 WARN [main][AbstractApplicationContext.java:591] - Exception encountered during context initialization - cancelling refresh attempt: org.springframework.beans.factory.UnsatisfiedDependencyException: Error creating bean with name 'userController' defined in file [D:\osp\mushanimg\mushanimg-modules\mushanimg-module-system\mushanimg-system-adapter\target\classes\com\hzb\system\web\user\UserController.class]: Unsatisfied dependency expressed through constructor parameter 0; nested exception is org.springframework.beans.factory.UnsatisfiedDependencyException: Error creating bean with name 'userServiceImpl' defined in file [D:\osp\mushanimg\mushanimg-modules\mushanimg-module-system\mushanimg-system-app\target\classes\com\hzb\system\user\executor\service\UserServiceImpl.class]: Unsatisfied dependency expressed through constructor parameter 0; nested exception is org.springframework.beans.factory.UnsatisfiedDependencyException: Error creating bean with name 'userListQryExe' defined in file [D:\osp\mushanimg\mushanimg-modules\mushanimg-module-system\mushanimg-system-app\target\classes\com\hzb\system\user\executor\command\query\UserListQryExe.class]: Unsatisfied dependency expressed through constructor parameter 0; nested exception is org.springframework.beans.factory.NoSuchBeanDefinitionException: No qualifying bean of type 'com.hzb.system.domain.user.gateway.UserGateway' available: expected at least 1 bean which qualifies as autowire candidate. Dependency annotations: {}
2023-05-15 18:22:12,924 DEBUG [main][AbstractRedisClient.java:539] - Initiate shutdown (100, 100, MILLISECONDS)
2023-05-15 18:22:12,924 DEBUG [main][AbstractRedisClient.java:539] - Initiate shutdown (100, 100, MILLISECONDS)
2023-05-15 18:22:12,939 DEBUG [main][DefaultClientResources.java:735] - Initiate shutdown (0, 2, SECONDS)
2023-05-15 18:22:12,939 DEBUG [main][DefaultClientResources.java:735] - Initiate shutdown (0, 2, SECONDS)
2023-05-15 18:22:12,944 DEBUG [main][DefaultEventLoopGroupProvider.java:317] - Initiate shutdown (0, 2, SECONDS)
2023-05-15 18:22:12,944 DEBUG [main][DefaultEventLoopGroupProvider.java:317] - Initiate shutdown (0, 2, SECONDS)
2023-05-15 18:22:12,951 INFO [main][DruidDataSource.java:2105] - {dataSource-1} closing ...
2023-05-15 18:22:12,951 INFO [main][DruidDataSource.java:2105] - {dataSource-1} closing ...
2023-05-15 18:22:12,964 DEBUG [main][Log4j2Filter.java:131] - {conn-10001} closed
2023-05-15 18:22:12,964 DEBUG [main][Log4j2Filter.java:131] - {conn-10001} closed
2023-05-15 18:22:12,965 DEBUG [main][Log4j2Filter.java:131] - {conn-10002} closed
2023-05-15 18:22:12,965 DEBUG [main][Log4j2Filter.java:131] - {conn-10002} closed
2023-05-15 18:22:12,967 INFO [main][DruidDataSource.java:2178] - {dataSource-1} closed
2023-05-15 18:22:12,967 INFO [main][DruidDataSource.java:2178] - {dataSource-1} closed
2023-05-15 18:22:12,972 INFO [main][DirectJDKLog.java:173] - Stopping service [Tomcat]
2023-05-15 18:22:12,972 INFO [main][DirectJDKLog.java:173] - Stopping service [Tomcat]
2023-05-15 18:22:13,004 INFO [main][ConditionEvaluationReportLoggingListener.java:136] - 

Error starting ApplicationContext. To display the conditions report re-run your application with 'debug' enabled.
2023-05-15 18:22:13,004 INFO [main][ConditionEvaluationReportLoggingListener.java:136] - 

Error starting ApplicationContext. To display the conditions report re-run your application with 'debug' enabled.
2023-05-15 18:22:13,061 ERROR [main][LoggingFailureAnalysisReporter.java:40] - 

***************************
APPLICATION FAILED TO START
***************************

Description:

Parameter 0 of constructor in com.hzb.system.user.executor.command.query.UserListQryExe required a bean of type 'com.hzb.system.domain.user.gateway.UserGateway' that could not be found.


Action:

Consider defining a bean of type 'com.hzb.system.domain.user.gateway.UserGateway' in your configuration.

2023-05-15 18:22:13,061 ERROR [main][LoggingFailureAnalysisReporter.java:40] - 

***************************
APPLICATION FAILED TO START
***************************

Description:

Parameter 0 of constructor in com.hzb.system.user.executor.command.query.UserListQryExe required a bean of type 'com.hzb.system.domain.user.gateway.UserGateway' that could not be found.


Action:

Consider defining a bean of type 'com.hzb.system.domain.user.gateway.UserGateway' in your configuration.

2023-05-15 18:22:13,963 WARN [Thread-5][NotifyCenter.java:136] - [NotifyCenter] Start destroying Publisher
2023-05-15 18:22:13,964 WARN [Thread-5][NotifyCenter.java:153] - [NotifyCenter] Destruction of the end
2023-05-15 18:22:13,963 WARN [Thread-1][HttpClientBeanHolder.java:108] - [HttpClientBeanHolder] Start destroying common HttpClient
2023-05-15 18:22:13,963 WARN [Thread-5][NotifyCenter.java:136] - [NotifyCenter] Start destroying Publisher
2023-05-15 18:22:13,964 WARN [Thread-5][NotifyCenter.java:153] - [NotifyCenter] Destruction of the end
2023-05-15 18:22:13,963 WARN [Thread-1][HttpClientBeanHolder.java:108] - [HttpClientBeanHolder] Start destroying common HttpClient
2023-05-15 18:28:27,937 INFO [main][SpringApplication.java:637] - The following 1 profile is active: "dev"
2023-05-15 18:28:27,937 INFO [main][SpringApplication.java:637] - The following 1 profile is active: "dev"
2023-05-15 18:28:29,018 DEBUG [main][MybatisPlusAutoConfiguration.java:309] - Searching for mappers annotated with @Mapper
2023-05-15 18:28:29,018 DEBUG [main][MybatisPlusAutoConfiguration.java:309] - Searching for mappers annotated with @Mapper
2023-05-15 18:28:29,019 DEBUG [main][MybatisPlusAutoConfiguration.java:313] - Using auto-configuration base package 'com.hzb.system'
2023-05-15 18:28:29,019 DEBUG [main][MybatisPlusAutoConfiguration.java:313] - Using auto-configuration base package 'com.hzb.system'
2023-05-15 18:28:29,431 INFO [main][RepositoryConfigurationDelegate.java:262] - Multiple Spring Data modules found, entering strict repository configuration mode
2023-05-15 18:28:29,431 INFO [main][RepositoryConfigurationDelegate.java:262] - Multiple Spring Data modules found, entering strict repository configuration mode
2023-05-15 18:28:29,435 INFO [main][RepositoryConfigurationDelegate.java:132] - Bootstrapping Spring Data Redis repositories in DEFAULT mode.
2023-05-15 18:28:29,435 INFO [main][RepositoryConfigurationDelegate.java:132] - Bootstrapping Spring Data Redis repositories in DEFAULT mode.
2023-05-15 18:28:29,472 INFO [main][RepositoryConfigurationDelegate.java:201] - Finished Spring Data repository scanning in 16 ms. Found 0 Redis repository interfaces.
2023-05-15 18:28:29,472 INFO [main][RepositoryConfigurationDelegate.java:201] - Finished Spring Data repository scanning in 16 ms. Found 0 Redis repository interfaces.
2023-05-15 18:28:29,719 DEBUG [main][LogFactory.java:109] - Logging initialized using 'class org.apache.ibatis.logging.slf4j.Slf4jImpl' adapter.
2023-05-15 18:28:29,719 DEBUG [main][LogFactory.java:109] - Logging initialized using 'class org.apache.ibatis.logging.slf4j.Slf4jImpl' adapter.
2023-05-15 18:28:29,727 WARN [main][Logger.java:44] - No MyBatis mapper was found in '[com.hzb.system]' package. Please check your configuration.
2023-05-15 18:28:29,727 WARN [main][Logger.java:44] - No MyBatis mapper was found in '[com.hzb.system]' package. Please check your configuration.
2023-05-15 18:28:29,843 INFO [main][GenericScope.java:283] - BeanFactory id=a5235664-0871-3736-8632-14cac18de43a
2023-05-15 18:28:29,843 INFO [main][GenericScope.java:283] - BeanFactory id=a5235664-0871-3736-8632-14cac18de43a
2023-05-15 18:28:30,866 INFO [main][TomcatWebServer.java:108] - Tomcat initialized with port(s): 63110 (http)
2023-05-15 18:28:30,866 INFO [main][TomcatWebServer.java:108] - Tomcat initialized with port(s): 63110 (http)
2023-05-15 18:28:30,884 INFO [main][DirectJDKLog.java:173] - Initializing ProtocolHandler ["http-nio-63110"]
2023-05-15 18:28:30,884 INFO [main][DirectJDKLog.java:173] - Initializing ProtocolHandler ["http-nio-63110"]
2023-05-15 18:28:30,885 INFO [main][DirectJDKLog.java:173] - Starting service [Tomcat]
2023-05-15 18:28:30,885 INFO [main][DirectJDKLog.java:173] - Starting service [Tomcat]
2023-05-15 18:28:30,885 INFO [main][DirectJDKLog.java:173] - Starting Servlet engine: [Apache Tomcat/9.0.69]
2023-05-15 18:28:30,885 INFO [main][DirectJDKLog.java:173] - Starting Servlet engine: [Apache Tomcat/9.0.69]
2023-05-15 18:28:31,054 INFO [main][DirectJDKLog.java:173] - Initializing Spring embedded WebApplicationContext
2023-05-15 18:28:31,054 INFO [main][DirectJDKLog.java:173] - Initializing Spring embedded WebApplicationContext
2023-05-15 18:28:31,056 INFO [main][ServletWebServerApplicationContext.java:292] - Root WebApplicationContext: initialization completed in 3093 ms
2023-05-15 18:28:31,056 INFO [main][ServletWebServerApplicationContext.java:292] - Root WebApplicationContext: initialization completed in 3093 ms
2023-05-15 18:28:31,227 DEBUG [main][InternalLoggerFactory.java:59] - Using SLF4J as the default logging framework
2023-05-15 18:28:31,227 DEBUG [main][InternalLoggerFactory.java:59] - Using SLF4J as the default logging framework
2023-05-15 18:28:31,300 INFO [main][DruidDataSourceAutoConfigure.java:55] - Init DruidDataSource
2023-05-15 18:28:31,300 INFO [main][DruidDataSourceAutoConfigure.java:55] - Init DruidDataSource
2023-05-15 18:28:32,074 DEBUG [main][Log4j2Filter.java:131] - {conn-10001,procId-15789} connected
2023-05-15 18:28:32,086 DEBUG [main][Log4j2Filter.java:136] - {conn-10001, stmt-20000} created
2023-05-15 18:28:32,074 DEBUG [main][Log4j2Filter.java:131] - {conn-10001,procId-15789} connected
2023-05-15 18:28:32,086 DEBUG [main][Log4j2Filter.java:136] - {conn-10001, stmt-20000} created
2023-05-15 18:28:32,576 DEBUG [main][Log4j2Filter.java:136] - {conn-10001, stmt-20000, rs-50000} query executed. 66.043501 millis. SELECT 1
2023-05-15 18:28:32,576 DEBUG [main][Log4j2Filter.java:136] - {conn-10001, stmt-20000, rs-50000} query executed. 66.043501 millis. SELECT 1
2023-05-15 18:28:32,577 DEBUG [main][Log4j2Filter.java:141] - {conn-10001, stmt-20000, rs-50000} open
2023-05-15 18:28:32,577 DEBUG [main][Log4j2Filter.java:141] - {conn-10001, stmt-20000, rs-50000} open
2023-05-15 18:28:32,579 DEBUG [main][Log4j2Filter.java:141] - {conn-10001, stmt-20000, rs-50000} Header: [1]
2023-05-15 18:28:32,579 DEBUG [main][Log4j2Filter.java:141] - {conn-10001, stmt-20000, rs-50000} Header: [1]
2023-05-15 18:28:32,580 DEBUG [main][Log4j2Filter.java:141] - {conn-10001, stmt-20000, rs-50000} closed
2023-05-15 18:28:32,580 DEBUG [main][Log4j2Filter.java:141] - {conn-10001, stmt-20000, rs-50000} closed
2023-05-15 18:28:32,580 DEBUG [main][Log4j2Filter.java:136] - {conn-10001, stmt-20000} closed
2023-05-15 18:28:32,580 DEBUG [main][Log4j2Filter.java:136] - {conn-10001, stmt-20000} closed
2023-05-15 18:28:32,916 DEBUG [main][Log4j2Filter.java:131] - {conn-10002,procId-15790} connected
2023-05-15 18:28:32,916 DEBUG [main][Log4j2Filter.java:131] - {conn-10002,procId-15790} connected
2023-05-15 18:28:32,916 DEBUG [main][Log4j2Filter.java:136] - {conn-10002, stmt-20001} created
2023-05-15 18:28:32,916 DEBUG [main][Log4j2Filter.java:136] - {conn-10002, stmt-20001} created
2023-05-15 18:28:32,957 DEBUG [main][Log4j2Filter.java:136] - {conn-10002, stmt-20001, rs-50001} query executed. 40.381001 millis. SELECT 1
2023-05-15 18:28:32,957 DEBUG [main][Log4j2Filter.java:136] - {conn-10002, stmt-20001, rs-50001} query executed. 40.381001 millis. SELECT 1
2023-05-15 18:28:32,958 DEBUG [main][Log4j2Filter.java:141] - {conn-10002, stmt-20001, rs-50001} open
2023-05-15 18:28:32,958 DEBUG [main][Log4j2Filter.java:141] - {conn-10002, stmt-20001, rs-50001} open
2023-05-15 18:28:32,958 DEBUG [main][Log4j2Filter.java:141] - {conn-10002, stmt-20001, rs-50001} Header: [1]
2023-05-15 18:28:32,958 DEBUG [main][Log4j2Filter.java:141] - {conn-10002, stmt-20001, rs-50001} Header: [1]
2023-05-15 18:28:32,958 DEBUG [main][Log4j2Filter.java:141] - {conn-10002, stmt-20001, rs-50001} closed
2023-05-15 18:28:32,958 DEBUG [main][Log4j2Filter.java:141] - {conn-10002, stmt-20001, rs-50001} closed
2023-05-15 18:28:32,958 DEBUG [main][Log4j2Filter.java:136] - {conn-10002, stmt-20001} closed
2023-05-15 18:28:32,958 DEBUG [main][Log4j2Filter.java:136] - {conn-10002, stmt-20001} closed
2023-05-15 18:28:33,044 INFO [main][DruidDataSource.java:985] - {dataSource-1} inited
2023-05-15 18:28:33,044 INFO [main][DruidDataSource.java:985] - {dataSource-1} inited
2023-05-15 18:28:33,255 DEBUG [main][InternalLoggerFactory.java:63] - Using SLF4J as the default logging framework
2023-05-15 18:28:33,255 DEBUG [main][InternalLoggerFactory.java:63] - Using SLF4J as the default logging framework
2023-05-15 18:28:33,264 DEBUG [main][AddressResolverGroupProvider.java:37] - Starting without optional netty's non-blocking DNS resolver library
2023-05-15 18:28:33,264 DEBUG [main][AddressResolverGroupProvider.java:37] - Starting without optional netty's non-blocking DNS resolver library
2023-05-15 18:28:33,269 DEBUG [main][DefaultClientResources.java:122] - -Dio.netty.eventLoopThreads: 4
2023-05-15 18:28:33,269 DEBUG [main][DefaultClientResources.java:122] - -Dio.netty.eventLoopThreads: 4
2023-05-15 18:28:33,297 DEBUG [main][DefaultEventLoopGroupProvider.java:231] - Creating executor io.netty.util.concurrent.DefaultEventExecutorGroup
2023-05-15 18:28:33,297 DEBUG [main][DefaultEventLoopGroupProvider.java:231] - Creating executor io.netty.util.concurrent.DefaultEventExecutorGroup
2023-05-15 18:28:33,332 DEBUG [main][InternalThreadLocalMap.java:100] - -Dio.netty.threadLocalMap.stringBuilder.initialSize: 1024
2023-05-15 18:28:33,332 DEBUG [main][InternalThreadLocalMap.java:100] - -Dio.netty.threadLocalMap.stringBuilder.initialSize: 1024
2023-05-15 18:28:33,333 DEBUG [main][InternalThreadLocalMap.java:101] - -Dio.netty.threadLocalMap.stringBuilder.maxSize: 4096
2023-05-15 18:28:33,333 DEBUG [main][InternalThreadLocalMap.java:101] - -Dio.netty.threadLocalMap.stringBuilder.maxSize: 4096
2023-05-15 18:28:33,341 DEBUG [main][ResourceLeakDetector.java:129] - -Dio.netty.leakDetection.level: simple
2023-05-15 18:28:33,341 DEBUG [main][ResourceLeakDetector.java:129] - -Dio.netty.leakDetection.level: simple
2023-05-15 18:28:33,341 DEBUG [main][ResourceLeakDetector.java:130] - -Dio.netty.leakDetection.targetRecords: 4
2023-05-15 18:28:33,341 DEBUG [main][ResourceLeakDetector.java:130] - -Dio.netty.leakDetection.targetRecords: 4
2023-05-15 18:28:33,344 DEBUG [main][ResourceLeakDetectorFactory.java:196] - Loaded default ResourceLeakDetector: io.netty.util.ResourceLeakDetector@1d4c6e32
2023-05-15 18:28:33,344 DEBUG [main][ResourceLeakDetectorFactory.java:196] - Loaded default ResourceLeakDetector: io.netty.util.ResourceLeakDetector@1d4c6e32
2023-05-15 18:28:33,369 DEBUG [main][PlatformDependent0.java:496] - -Dio.netty.noUnsafe: false
2023-05-15 18:28:33,369 DEBUG [main][PlatformDependent0.java:496] - -Dio.netty.noUnsafe: false
2023-05-15 18:28:33,369 DEBUG [main][PlatformDependent0.java:1000] - Java version: 17
2023-05-15 18:28:33,369 DEBUG [main][PlatformDependent0.java:1000] - Java version: 17
2023-05-15 18:28:33,371 DEBUG [main][PlatformDependent0.java:137] - sun.misc.Unsafe.theUnsafe: available
2023-05-15 18:28:33,371 DEBUG [main][PlatformDependent0.java:137] - sun.misc.Unsafe.theUnsafe: available
2023-05-15 18:28:33,372 DEBUG [main][PlatformDependent0.java:161] - sun.misc.Unsafe.copyMemory: available
2023-05-15 18:28:33,372 DEBUG [main][PlatformDependent0.java:161] - sun.misc.Unsafe.copyMemory: available
2023-05-15 18:28:33,373 DEBUG [main][PlatformDependent0.java:193] - sun.misc.Unsafe.storeFence: available
2023-05-15 18:28:33,373 DEBUG [main][PlatformDependent0.java:193] - sun.misc.Unsafe.storeFence: available
2023-05-15 18:28:33,375 DEBUG [main][PlatformDependent0.java:236] - java.nio.Buffer.address: available
2023-05-15 18:28:33,375 DEBUG [main][PlatformDependent0.java:236] - java.nio.Buffer.address: available
2023-05-15 18:28:33,376 DEBUG [main][PlatformDependent0.java:320] - direct buffer constructor: unavailable: Reflective setAccessible(true) disabled
2023-05-15 18:28:33,376 DEBUG [main][PlatformDependent0.java:320] - direct buffer constructor: unavailable: Reflective setAccessible(true) disabled
2023-05-15 18:28:33,377 DEBUG [main][PlatformDependent0.java:385] - java.nio.Bits.unaligned: available, true
2023-05-15 18:28:33,377 DEBUG [main][PlatformDependent0.java:385] - java.nio.Bits.unaligned: available, true
2023-05-15 18:28:33,379 DEBUG [main][PlatformDependent0.java:452] - jdk.internal.misc.Unsafe.allocateUninitializedArray(int): unavailable: class io.netty.util.internal.PlatformDependent0$7 cannot access class jdk.internal.misc.Unsafe (in module java.base) because module java.base does not export jdk.internal.misc to unnamed module @c333c60
2023-05-15 18:28:33,379 DEBUG [main][PlatformDependent0.java:452] - jdk.internal.misc.Unsafe.allocateUninitializedArray(int): unavailable: class io.netty.util.internal.PlatformDependent0$7 cannot access class jdk.internal.misc.Unsafe (in module java.base) because module java.base does not export jdk.internal.misc to unnamed module @c333c60
2023-05-15 18:28:33,380 DEBUG [main][PlatformDependent0.java:482] - java.nio.DirectByteBuffer.<init>(long, int): unavailable
2023-05-15 18:28:33,380 DEBUG [main][PlatformDependent0.java:482] - java.nio.DirectByteBuffer.<init>(long, int): unavailable
2023-05-15 18:28:33,381 DEBUG [main][PlatformDependent.java:1159] - sun.misc.Unsafe: available
2023-05-15 18:28:33,381 DEBUG [main][PlatformDependent.java:1159] - sun.misc.Unsafe: available
2023-05-15 18:28:33,382 DEBUG [main][PlatformDependent.java:1270] - maxDirectMemory: 4263510016 bytes (maybe)
2023-05-15 18:28:33,382 DEBUG [main][PlatformDependent.java:1270] - maxDirectMemory: 4263510016 bytes (maybe)
2023-05-15 18:28:33,383 DEBUG [main][PlatformDependent.java:1289] - -Dio.netty.tmpdir: C:\Users\ADMINI~1\AppData\Local\Temp (java.io.tmpdir)
2023-05-15 18:28:33,383 DEBUG [main][PlatformDependent.java:1289] - -Dio.netty.tmpdir: C:\Users\ADMINI~1\AppData\Local\Temp (java.io.tmpdir)
2023-05-15 18:28:33,383 DEBUG [main][PlatformDependent.java:1368] - -Dio.netty.bitMode: 64 (sun.arch.data.model)
2023-05-15 18:28:33,383 DEBUG [main][PlatformDependent.java:1368] - -Dio.netty.bitMode: 64 (sun.arch.data.model)
2023-05-15 18:28:33,384 DEBUG [main][PlatformDependent.java:1119] - Platform: Windows
2023-05-15 18:28:33,384 DEBUG [main][PlatformDependent.java:1119] - Platform: Windows
2023-05-15 18:28:33,385 DEBUG [main][PlatformDependent.java:178] - -Dio.netty.maxDirectMemory: -1 bytes
2023-05-15 18:28:33,385 DEBUG [main][PlatformDependent.java:178] - -Dio.netty.maxDirectMemory: -1 bytes
2023-05-15 18:28:33,386 DEBUG [main][PlatformDependent.java:185] - -Dio.netty.uninitializedArrayAllocationThreshold: -1
2023-05-15 18:28:33,386 DEBUG [main][PlatformDependent.java:185] - -Dio.netty.uninitializedArrayAllocationThreshold: -1
2023-05-15 18:28:33,387 DEBUG [main][CleanerJava9.java:71] - java.nio.ByteBuffer.cleaner(): available
2023-05-15 18:28:33,387 DEBUG [main][CleanerJava9.java:71] - java.nio.ByteBuffer.cleaner(): available
2023-05-15 18:28:33,388 DEBUG [main][PlatformDependent.java:205] - -Dio.netty.noPreferDirect: false
2023-05-15 18:28:33,388 DEBUG [main][PlatformDependent.java:205] - -Dio.netty.noPreferDirect: false
2023-05-15 18:28:33,401 DEBUG [main][PlatformDependent.java:1010] - org.jctools-core.MpscChunkedArrayQueue: available
2023-05-15 18:28:33,401 DEBUG [main][PlatformDependent.java:1010] - org.jctools-core.MpscChunkedArrayQueue: available
2023-05-15 18:28:33,415 DEBUG [main][Loggers.java:254] - Using Slf4j logging framework
2023-05-15 18:28:33,415 DEBUG [main][Loggers.java:254] - Using Slf4j logging framework
2023-05-15 18:28:33,421 DEBUG [main][EventRecorderHolder.java:47] - Starting with JFR support
2023-05-15 18:28:33,421 DEBUG [main][EventRecorderHolder.java:47] - Starting with JFR support
2023-05-15 18:28:34,230 DEBUG [main][GenericFilterBean.java:242] - Filter 'jwtAuthenticationTokenFilter' configured for use
2023-05-15 18:28:34,230 DEBUG [main][GenericFilterBean.java:242] - Filter 'jwtAuthenticationTokenFilter' configured for use
2023-05-15 18:28:34,274 WARN [main][AbstractApplicationContext.java:591] - Exception encountered during context initialization - cancelling refresh attempt: org.springframework.beans.factory.UnsatisfiedDependencyException: Error creating bean with name 'userController' defined in file [D:\osp\mushanimg\mushanimg-modules\mushanimg-module-system\mushanimg-system-adapter\target\classes\com\hzb\system\web\user\UserController.class]: Unsatisfied dependency expressed through constructor parameter 0; nested exception is org.springframework.beans.factory.UnsatisfiedDependencyException: Error creating bean with name 'userServiceImpl' defined in file [D:\osp\mushanimg\mushanimg-modules\mushanimg-module-system\mushanimg-system-app\target\classes\com\hzb\system\user\executor\service\UserServiceImpl.class]: Unsatisfied dependency expressed through constructor parameter 0; nested exception is org.springframework.beans.factory.UnsatisfiedDependencyException: Error creating bean with name 'userListQryExe' defined in file [D:\osp\mushanimg\mushanimg-modules\mushanimg-module-system\mushanimg-system-app\target\classes\com\hzb\system\user\executor\command\query\UserListQryExe.class]: Unsatisfied dependency expressed through constructor parameter 0; nested exception is org.springframework.beans.factory.NoSuchBeanDefinitionException: No qualifying bean of type 'com.hzb.system.domain.user.gateway.UserGateway' available: expected at least 1 bean which qualifies as autowire candidate. Dependency annotations: {}
2023-05-15 18:28:34,274 WARN [main][AbstractApplicationContext.java:591] - Exception encountered during context initialization - cancelling refresh attempt: org.springframework.beans.factory.UnsatisfiedDependencyException: Error creating bean with name 'userController' defined in file [D:\osp\mushanimg\mushanimg-modules\mushanimg-module-system\mushanimg-system-adapter\target\classes\com\hzb\system\web\user\UserController.class]: Unsatisfied dependency expressed through constructor parameter 0; nested exception is org.springframework.beans.factory.UnsatisfiedDependencyException: Error creating bean with name 'userServiceImpl' defined in file [D:\osp\mushanimg\mushanimg-modules\mushanimg-module-system\mushanimg-system-app\target\classes\com\hzb\system\user\executor\service\UserServiceImpl.class]: Unsatisfied dependency expressed through constructor parameter 0; nested exception is org.springframework.beans.factory.UnsatisfiedDependencyException: Error creating bean with name 'userListQryExe' defined in file [D:\osp\mushanimg\mushanimg-modules\mushanimg-module-system\mushanimg-system-app\target\classes\com\hzb\system\user\executor\command\query\UserListQryExe.class]: Unsatisfied dependency expressed through constructor parameter 0; nested exception is org.springframework.beans.factory.NoSuchBeanDefinitionException: No qualifying bean of type 'com.hzb.system.domain.user.gateway.UserGateway' available: expected at least 1 bean which qualifies as autowire candidate. Dependency annotations: {}
2023-05-15 18:28:34,277 DEBUG [main][AbstractRedisClient.java:539] - Initiate shutdown (100, 100, MILLISECONDS)
2023-05-15 18:28:34,277 DEBUG [main][AbstractRedisClient.java:539] - Initiate shutdown (100, 100, MILLISECONDS)
2023-05-15 18:28:34,285 DEBUG [main][DefaultClientResources.java:735] - Initiate shutdown (0, 2, SECONDS)
2023-05-15 18:28:34,285 DEBUG [main][DefaultClientResources.java:735] - Initiate shutdown (0, 2, SECONDS)
2023-05-15 18:28:34,288 DEBUG [main][DefaultEventLoopGroupProvider.java:317] - Initiate shutdown (0, 2, SECONDS)
2023-05-15 18:28:34,288 DEBUG [main][DefaultEventLoopGroupProvider.java:317] - Initiate shutdown (0, 2, SECONDS)
2023-05-15 18:28:34,293 INFO [main][DruidDataSource.java:2105] - {dataSource-1} closing ...
2023-05-15 18:28:34,293 INFO [main][DruidDataSource.java:2105] - {dataSource-1} closing ...
2023-05-15 18:28:34,302 DEBUG [main][Log4j2Filter.java:131] - {conn-10001} closed
2023-05-15 18:28:34,302 DEBUG [main][Log4j2Filter.java:131] - {conn-10001} closed
2023-05-15 18:28:34,303 DEBUG [main][Log4j2Filter.java:131] - {conn-10002} closed
2023-05-15 18:28:34,303 DEBUG [main][Log4j2Filter.java:131] - {conn-10002} closed
2023-05-15 18:28:34,306 INFO [main][DruidDataSource.java:2178] - {dataSource-1} closed
2023-05-15 18:28:34,306 INFO [main][DruidDataSource.java:2178] - {dataSource-1} closed
2023-05-15 18:28:34,309 INFO [main][DirectJDKLog.java:173] - Stopping service [Tomcat]
2023-05-15 18:28:34,309 INFO [main][DirectJDKLog.java:173] - Stopping service [Tomcat]
2023-05-15 18:28:34,332 INFO [main][ConditionEvaluationReportLoggingListener.java:136] - 

Error starting ApplicationContext. To display the conditions report re-run your application with 'debug' enabled.
2023-05-15 18:28:34,332 INFO [main][ConditionEvaluationReportLoggingListener.java:136] - 

Error starting ApplicationContext. To display the conditions report re-run your application with 'debug' enabled.
2023-05-15 18:28:34,391 ERROR [main][LoggingFailureAnalysisReporter.java:40] - 

***************************
APPLICATION FAILED TO START
***************************

Description:

Parameter 0 of constructor in com.hzb.system.user.executor.command.query.UserListQryExe required a bean of type 'com.hzb.system.domain.user.gateway.UserGateway' that could not be found.


Action:

Consider defining a bean of type 'com.hzb.system.domain.user.gateway.UserGateway' in your configuration.

2023-05-15 18:28:34,391 ERROR [main][LoggingFailureAnalysisReporter.java:40] - 

***************************
APPLICATION FAILED TO START
***************************

Description:

Parameter 0 of constructor in com.hzb.system.user.executor.command.query.UserListQryExe required a bean of type 'com.hzb.system.domain.user.gateway.UserGateway' that could not be found.


Action:

Consider defining a bean of type 'com.hzb.system.domain.user.gateway.UserGateway' in your configuration.

2023-05-15 18:28:34,396 WARN [Thread-1][HttpClientBeanHolder.java:108] - [HttpClientBeanHolder] Start destroying common HttpClient
2023-05-15 18:28:34,396 WARN [Thread-5][NotifyCenter.java:136] - [NotifyCenter] Start destroying Publisher
2023-05-15 18:28:34,397 WARN [Thread-5][NotifyCenter.java:153] - [NotifyCenter] Destruction of the end
2023-05-15 18:28:34,396 WARN [Thread-5][NotifyCenter.java:136] - [NotifyCenter] Start destroying Publisher
2023-05-15 18:28:34,397 WARN [Thread-1][HttpClientBeanHolder.java:114] - [HttpClientBeanHolder] Destruction of the end
2023-05-15 18:28:34,396 WARN [Thread-1][HttpClientBeanHolder.java:108] - [HttpClientBeanHolder] Start destroying common HttpClient
2023-05-15 18:28:34,397 WARN [Thread-5][NotifyCenter.java:153] - [NotifyCenter] Destruction of the end
2023-05-15 18:28:34,397 WARN [Thread-1][HttpClientBeanHolder.java:114] - [HttpClientBeanHolder] Destruction of the end
2023-05-15 18:30:42,797 INFO [main][SpringApplication.java:637] - The following 1 profile is active: "dev"
2023-05-15 18:30:42,797 INFO [main][SpringApplication.java:637] - The following 1 profile is active: "dev"
2023-05-15 18:30:43,722 DEBUG [main][MybatisPlusAutoConfiguration.java:309] - Searching for mappers annotated with @Mapper
2023-05-15 18:30:43,722 DEBUG [main][MybatisPlusAutoConfiguration.java:309] - Searching for mappers annotated with @Mapper
2023-05-15 18:30:43,722 DEBUG [main][MybatisPlusAutoConfiguration.java:313] - Using auto-configuration base package 'com.hzb.system'
2023-05-15 18:30:43,722 DEBUG [main][MybatisPlusAutoConfiguration.java:313] - Using auto-configuration base package 'com.hzb.system'
2023-05-15 18:30:44,135 INFO [main][RepositoryConfigurationDelegate.java:262] - Multiple Spring Data modules found, entering strict repository configuration mode
2023-05-15 18:30:44,135 INFO [main][RepositoryConfigurationDelegate.java:262] - Multiple Spring Data modules found, entering strict repository configuration mode
2023-05-15 18:30:44,140 INFO [main][RepositoryConfigurationDelegate.java:132] - Bootstrapping Spring Data Redis repositories in DEFAULT mode.
2023-05-15 18:30:44,140 INFO [main][RepositoryConfigurationDelegate.java:132] - Bootstrapping Spring Data Redis repositories in DEFAULT mode.
2023-05-15 18:30:44,174 INFO [main][RepositoryConfigurationDelegate.java:201] - Finished Spring Data repository scanning in 14 ms. Found 0 Redis repository interfaces.
2023-05-15 18:30:44,174 INFO [main][RepositoryConfigurationDelegate.java:201] - Finished Spring Data repository scanning in 14 ms. Found 0 Redis repository interfaces.
2023-05-15 18:30:44,437 DEBUG [main][LogFactory.java:109] - Logging initialized using 'class org.apache.ibatis.logging.slf4j.Slf4jImpl' adapter.
2023-05-15 18:30:44,437 DEBUG [main][LogFactory.java:109] - Logging initialized using 'class org.apache.ibatis.logging.slf4j.Slf4jImpl' adapter.
2023-05-15 18:30:44,445 WARN [main][Logger.java:44] - No MyBatis mapper was found in '[com.hzb.system]' package. Please check your configuration.
2023-05-15 18:30:44,445 WARN [main][Logger.java:44] - No MyBatis mapper was found in '[com.hzb.system]' package. Please check your configuration.
2023-05-15 18:30:44,618 INFO [main][GenericScope.java:283] - BeanFactory id=a5235664-0871-3736-8632-14cac18de43a
2023-05-15 18:30:44,618 INFO [main][GenericScope.java:283] - BeanFactory id=a5235664-0871-3736-8632-14cac18de43a
2023-05-15 18:30:45,595 INFO [main][TomcatWebServer.java:108] - Tomcat initialized with port(s): 63110 (http)
2023-05-15 18:30:45,595 INFO [main][TomcatWebServer.java:108] - Tomcat initialized with port(s): 63110 (http)
2023-05-15 18:30:45,610 INFO [main][DirectJDKLog.java:173] - Initializing ProtocolHandler ["http-nio-63110"]
2023-05-15 18:30:45,610 INFO [main][DirectJDKLog.java:173] - Initializing ProtocolHandler ["http-nio-63110"]
2023-05-15 18:30:45,611 INFO [main][DirectJDKLog.java:173] - Starting service [Tomcat]
2023-05-15 18:30:45,611 INFO [main][DirectJDKLog.java:173] - Starting service [Tomcat]
2023-05-15 18:30:45,612 INFO [main][DirectJDKLog.java:173] - Starting Servlet engine: [Apache Tomcat/9.0.69]
2023-05-15 18:30:45,612 INFO [main][DirectJDKLog.java:173] - Starting Servlet engine: [Apache Tomcat/9.0.69]
2023-05-15 18:30:45,760 INFO [main][DirectJDKLog.java:173] - Initializing Spring embedded WebApplicationContext
2023-05-15 18:30:45,760 INFO [main][DirectJDKLog.java:173] - Initializing Spring embedded WebApplicationContext
2023-05-15 18:30:45,761 INFO [main][ServletWebServerApplicationContext.java:292] - Root WebApplicationContext: initialization completed in 2940 ms
2023-05-15 18:30:45,761 INFO [main][ServletWebServerApplicationContext.java:292] - Root WebApplicationContext: initialization completed in 2940 ms
2023-05-15 18:30:45,922 DEBUG [main][InternalLoggerFactory.java:59] - Using SLF4J as the default logging framework
2023-05-15 18:30:45,922 DEBUG [main][InternalLoggerFactory.java:59] - Using SLF4J as the default logging framework
2023-05-15 18:30:46,005 INFO [main][DruidDataSourceAutoConfigure.java:55] - Init DruidDataSource
2023-05-15 18:30:46,005 INFO [main][DruidDataSourceAutoConfigure.java:55] - Init DruidDataSource
2023-05-15 18:30:46,745 DEBUG [main][Log4j2Filter.java:131] - {conn-10001,procId-15791} connected
2023-05-15 18:30:46,745 DEBUG [main][Log4j2Filter.java:131] - {conn-10001,procId-15791} connected
2023-05-15 18:30:46,754 DEBUG [main][Log4j2Filter.java:136] - {conn-10001, stmt-20000} created
2023-05-15 18:30:46,754 DEBUG [main][Log4j2Filter.java:136] - {conn-10001, stmt-20000} created
2023-05-15 18:30:47,000 DEBUG [main][Log4j2Filter.java:136] - {conn-10001, stmt-20000, rs-50000} query executed. 63.6754 millis. SELECT 1
2023-05-15 18:30:47,000 DEBUG [main][Log4j2Filter.java:136] - {conn-10001, stmt-20000, rs-50000} query executed. 63.6754 millis. SELECT 1
2023-05-15 18:30:47,000 DEBUG [main][Log4j2Filter.java:141] - {conn-10001, stmt-20000, rs-50000} open
2023-05-15 18:30:47,000 DEBUG [main][Log4j2Filter.java:141] - {conn-10001, stmt-20000, rs-50000} open
2023-05-15 18:30:47,003 DEBUG [main][Log4j2Filter.java:141] - {conn-10001, stmt-20000, rs-50000} Header: [1]
2023-05-15 18:30:47,003 DEBUG [main][Log4j2Filter.java:141] - {conn-10001, stmt-20000, rs-50000} Header: [1]
2023-05-15 18:30:47,003 DEBUG [main][Log4j2Filter.java:141] - {conn-10001, stmt-20000, rs-50000} closed
2023-05-15 18:30:47,003 DEBUG [main][Log4j2Filter.java:141] - {conn-10001, stmt-20000, rs-50000} closed
2023-05-15 18:30:47,004 DEBUG [main][Log4j2Filter.java:136] - {conn-10001, stmt-20000} closed
2023-05-15 18:30:47,004 DEBUG [main][Log4j2Filter.java:136] - {conn-10001, stmt-20000} closed
2023-05-15 18:30:47,565 DEBUG [main][Log4j2Filter.java:131] - {conn-10002,procId-15792} connected
2023-05-15 18:30:47,565 DEBUG [main][Log4j2Filter.java:131] - {conn-10002,procId-15792} connected
2023-05-15 18:30:47,565 DEBUG [main][Log4j2Filter.java:136] - {conn-10002, stmt-20001} created
2023-05-15 18:30:47,565 DEBUG [main][Log4j2Filter.java:136] - {conn-10002, stmt-20001} created
2023-05-15 18:30:47,605 DEBUG [main][Log4j2Filter.java:136] - {conn-10002, stmt-20001, rs-50001} query executed. 39.950999 millis. SELECT 1
2023-05-15 18:30:47,605 DEBUG [main][Log4j2Filter.java:136] - {conn-10002, stmt-20001, rs-50001} query executed. 39.950999 millis. SELECT 1
2023-05-15 18:30:47,606 DEBUG [main][Log4j2Filter.java:141] - {conn-10002, stmt-20001, rs-50001} open
2023-05-15 18:30:47,606 DEBUG [main][Log4j2Filter.java:141] - {conn-10002, stmt-20001, rs-50001} open
2023-05-15 18:30:47,606 DEBUG [main][Log4j2Filter.java:141] - {conn-10002, stmt-20001, rs-50001} Header: [1]
2023-05-15 18:30:47,606 DEBUG [main][Log4j2Filter.java:141] - {conn-10002, stmt-20001, rs-50001} Header: [1]
2023-05-15 18:30:47,606 DEBUG [main][Log4j2Filter.java:141] - {conn-10002, stmt-20001, rs-50001} closed
2023-05-15 18:30:47,606 DEBUG [main][Log4j2Filter.java:141] - {conn-10002, stmt-20001, rs-50001} closed
2023-05-15 18:30:47,607 DEBUG [main][Log4j2Filter.java:136] - {conn-10002, stmt-20001} closed
2023-05-15 18:30:47,607 DEBUG [main][Log4j2Filter.java:136] - {conn-10002, stmt-20001} closed
2023-05-15 18:30:47,933 INFO [main][DruidDataSource.java:985] - {dataSource-1} inited
2023-05-15 18:30:47,933 INFO [main][DruidDataSource.java:985] - {dataSource-1} inited
2023-05-15 18:30:48,086 DEBUG [main][InternalLoggerFactory.java:63] - Using SLF4J as the default logging framework
2023-05-15 18:30:48,086 DEBUG [main][InternalLoggerFactory.java:63] - Using SLF4J as the default logging framework
2023-05-15 18:30:48,100 DEBUG [main][AddressResolverGroupProvider.java:37] - Starting without optional netty's non-blocking DNS resolver library
2023-05-15 18:30:48,100 DEBUG [main][AddressResolverGroupProvider.java:37] - Starting without optional netty's non-blocking DNS resolver library
2023-05-15 18:30:48,104 DEBUG [main][DefaultClientResources.java:122] - -Dio.netty.eventLoopThreads: 4
2023-05-15 18:30:48,104 DEBUG [main][DefaultClientResources.java:122] - -Dio.netty.eventLoopThreads: 4
2023-05-15 18:30:48,128 DEBUG [main][DefaultEventLoopGroupProvider.java:231] - Creating executor io.netty.util.concurrent.DefaultEventExecutorGroup
2023-05-15 18:30:48,128 DEBUG [main][DefaultEventLoopGroupProvider.java:231] - Creating executor io.netty.util.concurrent.DefaultEventExecutorGroup
2023-05-15 18:30:48,167 DEBUG [main][InternalThreadLocalMap.java:100] - -Dio.netty.threadLocalMap.stringBuilder.initialSize: 1024
2023-05-15 18:30:48,167 DEBUG [main][InternalThreadLocalMap.java:100] - -Dio.netty.threadLocalMap.stringBuilder.initialSize: 1024
2023-05-15 18:30:48,168 DEBUG [main][InternalThreadLocalMap.java:101] - -Dio.netty.threadLocalMap.stringBuilder.maxSize: 4096
2023-05-15 18:30:48,168 DEBUG [main][InternalThreadLocalMap.java:101] - -Dio.netty.threadLocalMap.stringBuilder.maxSize: 4096
2023-05-15 18:30:48,177 DEBUG [main][ResourceLeakDetector.java:129] - -Dio.netty.leakDetection.level: simple
2023-05-15 18:30:48,177 DEBUG [main][ResourceLeakDetector.java:129] - -Dio.netty.leakDetection.level: simple
2023-05-15 18:30:48,180 DEBUG [main][ResourceLeakDetector.java:130] - -Dio.netty.leakDetection.targetRecords: 4
2023-05-15 18:30:48,180 DEBUG [main][ResourceLeakDetector.java:130] - -Dio.netty.leakDetection.targetRecords: 4
2023-05-15 18:30:48,184 DEBUG [main][ResourceLeakDetectorFactory.java:196] - Loaded default ResourceLeakDetector: io.netty.util.ResourceLeakDetector@7010c9e4
2023-05-15 18:30:48,184 DEBUG [main][ResourceLeakDetectorFactory.java:196] - Loaded default ResourceLeakDetector: io.netty.util.ResourceLeakDetector@7010c9e4
2023-05-15 18:30:48,210 DEBUG [main][PlatformDependent0.java:496] - -Dio.netty.noUnsafe: false
2023-05-15 18:30:48,210 DEBUG [main][PlatformDependent0.java:496] - -Dio.netty.noUnsafe: false
2023-05-15 18:30:48,210 DEBUG [main][PlatformDependent0.java:1000] - Java version: 17
2023-05-15 18:30:48,210 DEBUG [main][PlatformDependent0.java:1000] - Java version: 17
2023-05-15 18:30:48,212 DEBUG [main][PlatformDependent0.java:137] - sun.misc.Unsafe.theUnsafe: available
2023-05-15 18:30:48,212 DEBUG [main][PlatformDependent0.java:137] - sun.misc.Unsafe.theUnsafe: available
2023-05-15 18:30:48,214 DEBUG [main][PlatformDependent0.java:161] - sun.misc.Unsafe.copyMemory: available
2023-05-15 18:30:48,214 DEBUG [main][PlatformDependent0.java:161] - sun.misc.Unsafe.copyMemory: available
2023-05-15 18:30:48,214 DEBUG [main][PlatformDependent0.java:193] - sun.misc.Unsafe.storeFence: available
2023-05-15 18:30:48,214 DEBUG [main][PlatformDependent0.java:193] - sun.misc.Unsafe.storeFence: available
2023-05-15 18:30:48,215 DEBUG [main][PlatformDependent0.java:236] - java.nio.Buffer.address: available
2023-05-15 18:30:48,215 DEBUG [main][PlatformDependent0.java:236] - java.nio.Buffer.address: available
2023-05-15 18:30:48,216 DEBUG [main][PlatformDependent0.java:320] - direct buffer constructor: unavailable: Reflective setAccessible(true) disabled
2023-05-15 18:30:48,216 DEBUG [main][PlatformDependent0.java:320] - direct buffer constructor: unavailable: Reflective setAccessible(true) disabled
2023-05-15 18:30:48,217 DEBUG [main][PlatformDependent0.java:385] - java.nio.Bits.unaligned: available, true
2023-05-15 18:30:48,217 DEBUG [main][PlatformDependent0.java:385] - java.nio.Bits.unaligned: available, true
2023-05-15 18:30:48,218 DEBUG [main][PlatformDependent0.java:452] - jdk.internal.misc.Unsafe.allocateUninitializedArray(int): unavailable: class io.netty.util.internal.PlatformDependent0$7 cannot access class jdk.internal.misc.Unsafe (in module java.base) because module java.base does not export jdk.internal.misc to unnamed module @7feafa4
2023-05-15 18:30:48,218 DEBUG [main][PlatformDependent0.java:452] - jdk.internal.misc.Unsafe.allocateUninitializedArray(int): unavailable: class io.netty.util.internal.PlatformDependent0$7 cannot access class jdk.internal.misc.Unsafe (in module java.base) because module java.base does not export jdk.internal.misc to unnamed module @7feafa4
2023-05-15 18:30:48,219 DEBUG [main][PlatformDependent0.java:482] - java.nio.DirectByteBuffer.<init>(long, int): unavailable
2023-05-15 18:30:48,219 DEBUG [main][PlatformDependent0.java:482] - java.nio.DirectByteBuffer.<init>(long, int): unavailable
2023-05-15 18:30:48,219 DEBUG [main][PlatformDependent.java:1159] - sun.misc.Unsafe: available
2023-05-15 18:30:48,219 DEBUG [main][PlatformDependent.java:1159] - sun.misc.Unsafe: available
2023-05-15 18:30:48,220 DEBUG [main][PlatformDependent.java:1270] - maxDirectMemory: 4263510016 bytes (maybe)
2023-05-15 18:30:48,220 DEBUG [main][PlatformDependent.java:1270] - maxDirectMemory: 4263510016 bytes (maybe)
2023-05-15 18:30:48,220 DEBUG [main][PlatformDependent.java:1289] - -Dio.netty.tmpdir: C:\Users\ADMINI~1\AppData\Local\Temp (java.io.tmpdir)
2023-05-15 18:30:48,220 DEBUG [main][PlatformDependent.java:1289] - -Dio.netty.tmpdir: C:\Users\ADMINI~1\AppData\Local\Temp (java.io.tmpdir)
2023-05-15 18:30:48,220 DEBUG [main][PlatformDependent.java:1368] - -Dio.netty.bitMode: 64 (sun.arch.data.model)
2023-05-15 18:30:48,220 DEBUG [main][PlatformDependent.java:1368] - -Dio.netty.bitMode: 64 (sun.arch.data.model)
2023-05-15 18:30:48,221 DEBUG [main][PlatformDependent.java:1119] - Platform: Windows
2023-05-15 18:30:48,221 DEBUG [main][PlatformDependent.java:1119] - Platform: Windows
2023-05-15 18:30:48,222 DEBUG [main][PlatformDependent.java:178] - -Dio.netty.maxDirectMemory: -1 bytes
2023-05-15 18:30:48,222 DEBUG [main][PlatformDependent.java:178] - -Dio.netty.maxDirectMemory: -1 bytes
2023-05-15 18:30:48,222 DEBUG [main][PlatformDependent.java:185] - -Dio.netty.uninitializedArrayAllocationThreshold: -1
2023-05-15 18:30:48,222 DEBUG [main][PlatformDependent.java:185] - -Dio.netty.uninitializedArrayAllocationThreshold: -1
2023-05-15 18:30:48,224 DEBUG [main][CleanerJava9.java:71] - java.nio.ByteBuffer.cleaner(): available
2023-05-15 18:30:48,224 DEBUG [main][CleanerJava9.java:71] - java.nio.ByteBuffer.cleaner(): available
2023-05-15 18:30:48,224 DEBUG [main][PlatformDependent.java:205] - -Dio.netty.noPreferDirect: false
2023-05-15 18:30:48,224 DEBUG [main][PlatformDependent.java:205] - -Dio.netty.noPreferDirect: false
2023-05-15 18:30:48,236 DEBUG [main][PlatformDependent.java:1010] - org.jctools-core.MpscChunkedArrayQueue: available
2023-05-15 18:30:48,236 DEBUG [main][PlatformDependent.java:1010] - org.jctools-core.MpscChunkedArrayQueue: available
2023-05-15 18:30:48,246 DEBUG [main][Loggers.java:254] - Using Slf4j logging framework
2023-05-15 18:30:48,246 DEBUG [main][Loggers.java:254] - Using Slf4j logging framework
2023-05-15 18:30:48,251 DEBUG [main][EventRecorderHolder.java:47] - Starting with JFR support
2023-05-15 18:30:48,251 DEBUG [main][EventRecorderHolder.java:47] - Starting with JFR support
2023-05-15 18:30:48,787 DEBUG [main][GenericFilterBean.java:242] - Filter 'jwtAuthenticationTokenFilter' configured for use
2023-05-15 18:30:48,787 DEBUG [main][GenericFilterBean.java:242] - Filter 'jwtAuthenticationTokenFilter' configured for use
2023-05-15 18:30:48,819 WARN [main][AbstractApplicationContext.java:591] - Exception encountered during context initialization - cancelling refresh attempt: org.springframework.beans.factory.UnsatisfiedDependencyException: Error creating bean with name 'userController' defined in file [D:\osp\mushanimg\mushanimg-modules\mushanimg-module-system\mushanimg-system-adapter\target\classes\com\hzb\system\web\user\UserController.class]: Unsatisfied dependency expressed through constructor parameter 0; nested exception is org.springframework.beans.factory.UnsatisfiedDependencyException: Error creating bean with name 'userServiceImpl' defined in file [D:\osp\mushanimg\mushanimg-modules\mushanimg-module-system\mushanimg-system-app\target\classes\com\hzb\system\user\executor\service\UserServiceImpl.class]: Unsatisfied dependency expressed through constructor parameter 0; nested exception is org.springframework.beans.factory.UnsatisfiedDependencyException: Error creating bean with name 'userListQryExe' defined in file [D:\osp\mushanimg\mushanimg-modules\mushanimg-module-system\mushanimg-system-app\target\classes\com\hzb\system\user\executor\command\query\UserListQryExe.class]: Unsatisfied dependency expressed through constructor parameter 0; nested exception is org.springframework.beans.factory.NoSuchBeanDefinitionException: No qualifying bean of type 'com.hzb.system.domain.user.gateway.UserGateway' available: expected at least 1 bean which qualifies as autowire candidate. Dependency annotations: {}
2023-05-15 18:30:48,819 WARN [main][AbstractApplicationContext.java:591] - Exception encountered during context initialization - cancelling refresh attempt: org.springframework.beans.factory.UnsatisfiedDependencyException: Error creating bean with name 'userController' defined in file [D:\osp\mushanimg\mushanimg-modules\mushanimg-module-system\mushanimg-system-adapter\target\classes\com\hzb\system\web\user\UserController.class]: Unsatisfied dependency expressed through constructor parameter 0; nested exception is org.springframework.beans.factory.UnsatisfiedDependencyException: Error creating bean with name 'userServiceImpl' defined in file [D:\osp\mushanimg\mushanimg-modules\mushanimg-module-system\mushanimg-system-app\target\classes\com\hzb\system\user\executor\service\UserServiceImpl.class]: Unsatisfied dependency expressed through constructor parameter 0; nested exception is org.springframework.beans.factory.UnsatisfiedDependencyException: Error creating bean with name 'userListQryExe' defined in file [D:\osp\mushanimg\mushanimg-modules\mushanimg-module-system\mushanimg-system-app\target\classes\com\hzb\system\user\executor\command\query\UserListQryExe.class]: Unsatisfied dependency expressed through constructor parameter 0; nested exception is org.springframework.beans.factory.NoSuchBeanDefinitionException: No qualifying bean of type 'com.hzb.system.domain.user.gateway.UserGateway' available: expected at least 1 bean which qualifies as autowire candidate. Dependency annotations: {}
2023-05-15 18:30:48,822 DEBUG [main][AbstractRedisClient.java:539] - Initiate shutdown (100, 100, MILLISECONDS)
2023-05-15 18:30:48,822 DEBUG [main][AbstractRedisClient.java:539] - Initiate shutdown (100, 100, MILLISECONDS)
2023-05-15 18:30:48,829 DEBUG [main][DefaultClientResources.java:735] - Initiate shutdown (0, 2, SECONDS)
2023-05-15 18:30:48,829 DEBUG [main][DefaultClientResources.java:735] - Initiate shutdown (0, 2, SECONDS)
2023-05-15 18:30:48,833 DEBUG [main][DefaultEventLoopGroupProvider.java:317] - Initiate shutdown (0, 2, SECONDS)
2023-05-15 18:30:48,833 DEBUG [main][DefaultEventLoopGroupProvider.java:317] - Initiate shutdown (0, 2, SECONDS)
2023-05-15 18:30:48,837 INFO [main][DruidDataSource.java:2105] - {dataSource-1} closing ...
2023-05-15 18:30:48,837 INFO [main][DruidDataSource.java:2105] - {dataSource-1} closing ...
2023-05-15 18:30:48,844 DEBUG [main][Log4j2Filter.java:131] - {conn-10001} closed
2023-05-15 18:30:48,844 DEBUG [main][Log4j2Filter.java:131] - {conn-10001} closed
2023-05-15 18:30:48,845 DEBUG [main][Log4j2Filter.java:131] - {conn-10002} closed
2023-05-15 18:30:48,845 DEBUG [main][Log4j2Filter.java:131] - {conn-10002} closed
2023-05-15 18:30:48,847 INFO [main][DruidDataSource.java:2178] - {dataSource-1} closed
2023-05-15 18:30:48,847 INFO [main][DruidDataSource.java:2178] - {dataSource-1} closed
2023-05-15 18:30:48,851 INFO [main][DirectJDKLog.java:173] - Stopping service [Tomcat]
2023-05-15 18:30:48,851 INFO [main][DirectJDKLog.java:173] - Stopping service [Tomcat]
2023-05-15 18:30:48,874 INFO [main][ConditionEvaluationReportLoggingListener.java:136] - 

Error starting ApplicationContext. To display the conditions report re-run your application with 'debug' enabled.
2023-05-15 18:30:48,874 INFO [main][ConditionEvaluationReportLoggingListener.java:136] - 

Error starting ApplicationContext. To display the conditions report re-run your application with 'debug' enabled.
2023-05-15 18:30:48,919 ERROR [main][LoggingFailureAnalysisReporter.java:40] - 

***************************
APPLICATION FAILED TO START
***************************

Description:

Parameter 0 of constructor in com.hzb.system.user.executor.command.query.UserListQryExe required a bean of type 'com.hzb.system.domain.user.gateway.UserGateway' that could not be found.


Action:

Consider defining a bean of type 'com.hzb.system.domain.user.gateway.UserGateway' in your configuration.

2023-05-15 18:30:48,919 ERROR [main][LoggingFailureAnalysisReporter.java:40] - 

***************************
APPLICATION FAILED TO START
***************************

Description:

Parameter 0 of constructor in com.hzb.system.user.executor.command.query.UserListQryExe required a bean of type 'com.hzb.system.domain.user.gateway.UserGateway' that could not be found.


Action:

Consider defining a bean of type 'com.hzb.system.domain.user.gateway.UserGateway' in your configuration.

2023-05-15 18:30:49,160 WARN [Thread-1][HttpClientBeanHolder.java:108] - [HttpClientBeanHolder] Start destroying common HttpClient
2023-05-15 18:30:49,160 WARN [Thread-1][HttpClientBeanHolder.java:108] - [HttpClientBeanHolder] Start destroying common HttpClient
2023-05-15 18:30:49,162 WARN [Thread-5][NotifyCenter.java:136] - [NotifyCenter] Start destroying Publisher
2023-05-15 18:30:49,162 WARN [Thread-1][HttpClientBeanHolder.java:114] - [HttpClientBeanHolder] Destruction of the end
2023-05-15 18:30:49,162 WARN [Thread-5][NotifyCenter.java:136] - [NotifyCenter] Start destroying Publisher
2023-05-15 18:30:49,162 WARN [Thread-1][HttpClientBeanHolder.java:114] - [HttpClientBeanHolder] Destruction of the end
2023-05-15 18:30:49,163 WARN [Thread-5][NotifyCenter.java:153] - [NotifyCenter] Destruction of the end
2023-05-15 18:30:49,163 WARN [Thread-5][NotifyCenter.java:153] - [NotifyCenter] Destruction of the end
